Zilog eZ80 Macro Assembler Version 4.2 (11121401)04-Nov-15     00:11:29     page:   1


PC     Object              I  Line    Source 
                           A     1    ;  zsldevinit.asm
                           A     2    ;  Implementation file for opening peripheral d
                           A     3    ; 
                           A     4    ;  This file contains implementation for openin
                           A     5    ;  peripheral devices required by ZiLOG Standar
                           A     6    ;  and eZ80 Acclaim! series of microprocessors 
                           A     7    ;
                           A     8    ;  Copyright (C) 1999-2004 by  ZiLOG, Inc.
                           A     9    ;  All Rights Reserved.
                           A    10    ;
                           A    11    
                           B     0    	include "intvect.inc"
                           B     1    ;-------------------------------------------
                           B     2    ; Interrupt Vectors
                           B     3    
                           B     4    
                           B     5    .ifdef _EZ80190
                           B     6    ;UARTs
                           B     7    UART0_IVECT	.equ	%12
                           B     8    UART1_IVECT	.equ	%14
                           B     9    
                           B    10    
                           B    11    ;Ports
                           B    12    PA0_IVECT    .equ   %16
                           B    13    PA1_IVECT    .equ   %18
                           B    14    PA2_IVECT    .equ   %1A
                           B    15    PA3_IVECT    .equ   %1C
                           B    16    PA4_IVECT    .equ   %1E
                           B    17    PA5_IVECT    .equ   %20
                           B    18    PA6_IVECT    .equ   %22
                           B    19    PA7_IVECT    .equ   %24
                           B    20                            
                           B    21    PB0_IVECT    .equ   %26
                           B    22    PB1_IVECT    .equ   %28
                           B    23    PB2_IVECT    .equ   %2A
                           B    24    PB3_IVECT    .equ   %2C
                           B    25    PB4_IVECT    .equ   %2E
                           B    26    PB5_IVECT    .equ   %30
                           B    27    PB6_IVECT    .equ   %32
                           B    28    PB7_IVECT    .equ   %34
                           B    29                            
                           B    30    PC0_IVECT    .equ   %36
                           B    31    PC1_IVECT    .equ   %38
                           B    32    PC2_IVECT    .equ   %3A
                           B    33    PC3_IVECT    .equ   %3C
                           B    34    PC4_IVECT    .equ   %3E
                           B    35    PC5_IVECT    .equ   %40
                           B    36    PC6_IVECT    .equ   %42
                           B    37    PC7_IVECT    .equ   %44
                           B    38                            
                           B    39    PD0_IVECT    .equ   %46
                           B    40    PD1_IVECT    .equ   %48
Zilog eZ80 Macro Assembler Version 4.2 (11121401)04-Nov-15     00:11:29     page:   2


PC     Object              I  Line    Source C:\winapp\ZDSII_~1.1\include\zilog\intvect.inc
                           B    41    PD2_IVECT    .equ   %4A
                           B    42    PD3_IVECT    .equ   %4C
                           B    43    PD4_IVECT    .equ   %4E
                           B    44    PD5_IVECT    .equ   %50
                           B    45    PD6_IVECT    .equ   %52
                           B    46    PD7_IVECT    .equ   %54
                           B    47    .endif
                           B    48    
                           B    49    .ifdef _EZ80F91
                           B    50    ;UARTs
                           B    51    UART0_IVECT	.equ	%70
                           B    52    UART1_IVECT .equ	%74
                           B    53    
                           B    54    ;Ports
                           B    55    PA0_IVECT    .equ   %80
                           B    56    PA1_IVECT    .equ   %84
                           B    57    PA2_IVECT    .equ   %88
                           B    58    PA3_IVECT    .equ   %8C
                           B    59    PA4_IVECT    .equ   %90
                           B    60    PA5_IVECT    .equ   %94
                           B    61    PA6_IVECT    .equ   %98
                           B    62    PA7_IVECT    .equ   %9C
                           B    63                            
                           B    64    PB0_IVECT    .equ   %A0
                           B    65    PB1_IVECT    .equ   %A4
                           B    66    PB2_IVECT    .equ   %A8
                           B    67    PB3_IVECT    .equ   %AC
                           B    68    PB4_IVECT    .equ   %B0
                           B    69    PB5_IVECT    .equ   %B4
                           B    70    PB6_IVECT    .equ   %B8
                           B    71    PB7_IVECT    .equ   %BC
                           B    72                            
                           B    73    PC0_IVECT    .equ   %C0
                           B    74    PC1_IVECT    .equ   %C4
                           B    75    PC2_IVECT    .equ   %C8
                           B    76    PC3_IVECT    .equ   %CC
                           B    77    PC4_IVECT    .equ   %D0
                           B    78    PC5_IVECT    .equ   %D4
                           B    79    PC6_IVECT    .equ   %D8
                           B    80    PC7_IVECT    .equ   %DC
                           B    81                            
                           B    82    PD0_IVECT    .equ   %E0
                           B    83    PD1_IVECT    .equ   %E4
                           B    84    PD2_IVECT    .equ   %E8
                           B    85    PD3_IVECT    .equ   %EC
                           B    86    PD4_IVECT    .equ   %F0
                           B    87    PD5_IVECT    .equ   %F4
                           B    88    PD6_IVECT    .equ   %F8
                           B    89    PD7_IVECT    .equ   %FC
                           B    90    .endif
                           B    91    
                           B    92    .ifdef _EZ80L92
Zilog eZ80 Macro Assembler Version 4.2 (11121401)04-Nov-15     00:11:29     page:   3


PC     Object              I  Line    Source C:\winapp\ZDSII_~1.1\include\zilog\intvect.inc
                           B    93    .define INCIVECTS
                           B    94    .endif
                           B    95    
                           B    96    .ifdef _EZ80F92
                           B    97    .define INCIVECTS
                           B    98    .endif
                           B    99    
                           B   100    .ifdef _EZ80F93
                           B   101    .define INCIVECTS
                           B   102    .endif
                           B   103    
                           B   104    .ifdef INCIVECTS
                           B   105    ;UARTs
       00000018            B   106    UART0_IVECT	.equ	%18
       0000001A            B   107    UART1_IVECT	.equ	%1A
                           B   108    
                           B   109    ;Ports
       00000030            B   110    PB0_IVECT    .equ   %30
       00000032            B   111    PB1_IVECT    .equ   %32
       00000034            B   112    PB2_IVECT    .equ   %34
       00000036            B   113    PB3_IVECT    .equ   %36
       00000038            B   114    PB4_IVECT    .equ   %38
       0000003A            B   115    PB5_IVECT    .equ   %3A
       0000003C            B   116    PB6_IVECT    .equ   %3C
       0000003E            B   117    PB7_IVECT    .equ   %3E
                           B   118                           
       00000040            B   119    PC0_IVECT    .equ   %40
       00000042            B   120    PC1_IVECT    .equ   %42
       00000044            B   121    PC2_IVECT    .equ   %44
       00000046            B   122    PC3_IVECT    .equ   %46
       00000048            B   123    PC4_IVECT    .equ   %48
       0000004A            B   124    PC5_IVECT    .equ   %4A
       0000004C            B   125    PC6_IVECT    .equ   %4C
       0000004E            B   126    PC7_IVECT    .equ   %4E
                           B   127                           
       00000050            B   128    PD0_IVECT    .equ   %50
       00000052            B   129    PD1_IVECT    .equ   %52
       00000054            B   130    PD2_IVECT    .equ   %54
       00000056            B   131    PD3_IVECT    .equ   %56
       00000058            B   132    PD4_IVECT    .equ   %58
       0000005A            B   133    PD5_IVECT    .equ   %5A
       0000005C            B   134    PD6_IVECT    .equ   %5C
       0000005E            B   135    PD7_IVECT    .equ   %5E
                           B   136    .endif
                           A    13    
                           A    14    	segment	CODE
                           A    15    	.assume adl=1
                           A    16    	
                           A    17    	XDEF _open_periphdevice
                           A    18    	XDEF __open_periphdevice
                           A    19    
000000                     A    20    _open_periphdevice:
Zilog eZ80 Macro Assembler Version 4.2 (11121401)04-Nov-15     00:11:29     page:   4


PC     Object              I  Line    Source Z:\zik80\zz-sbc-r3-ez80-firmware\zsldevinit.asm
000000                     A    21    __open_periphdevice:
                           A    22    
                           A    23    .ifdef ZSL_DEVICE_UART0
                           A    24    	.define ZSL_UART_USED
                           A    25    .endif
                           A    26    
                           A    27    .ifdef ZSL_DEVICE_UART1
                           A    28    .ifndef ZSL_UART_USED
                           A    29    	.define ZSL_UART_USED
                           A    30    .endif
                           A    31    .endif
                           A    32    
                           A    33    .ifdef ZSL_DEVICE_PORTA
                           A    34    	XREF _open_PortA
                           A    35    
                           A    36    	ld bc, 0
                           A    37    	push bc										
                           A    38        call _open_PortA							
                           A    39    	pop bc
                           A    40    endif
                           A    41    
                           A    42    .ifdef ZSL_DEVICE_PORTB
                           A    43    	XREF _open_PortB
                           A    44    
000000 01000000            A    45    	ld bc, 0
000004 C5                  A    46    	push bc										
000005 CD 00 00 00         A    47        call _open_PortB							
000009 C1                  A    48    	pop bc
                           A    49    endif
                           A    50    
                           A    51    .ifdef ZSL_DEVICE_PORTC
                           A    52    	XREF _open_PortC
                           A    53    
00000A 01000000            A    54    	ld bc, 0
00000E C5                  A    55    	push bc										
00000F CD 00 00 00         A    56        call _open_PortC							
000013 C1                  A    57    	pop bc
                           A    58    endif
                           A    59    
                           A    60    .ifdef ZSL_DEVICE_PORTD
                           A    61    	XREF _open_PortD
                           A    62    
000014 01000000            A    63    	ld bc, 0
000018 C5                  A    64    	push bc										
000019 CD 00 00 00         A    65        call _open_PortD							
00001D C1                  A    66    	pop bc
                           A    67    endif
                           A    68    
                           A    69    
                           A    70    
                           A    71    .ifdef ZSL_UART_USED
                           A    72    	XREF _zsl_g_clock_xdefine
Zilog eZ80 Macro Assembler Version 4.2 (11121401)04-Nov-15     00:11:29     page:   5


PC     Object              I  Line    Source Z:\zik80\zz-sbc-r3-ez80-firmware\zsldevinit.asm
                           A    73    	XREF __lcmpu
                           A    74    
00001E 21 00 00 00         A    75    	ld	hl,#(_zsl_g_clock_xdefine & %ffffff)	
000022 1E 00               A    76    	ld	e,#(_zsl_g_clock_xdefine >> 24)			
000024 01000000            A    77    	ld	bc,0
000028 AF                  A    78    	xor	a,a
000029 CD 00 00 00         A    79    	call __lcmpu								
00002D 28 0E               A    80    	jr	z,_skip									
                           A    81    
00002F 21 00 00 00         A    82    	ld hl, #(_zsl_g_clock_xdefine & %ffffff)	
000033 3E 00               A    83    	ld a, #(_zsl_g_clock_xdefine >> 24)
                           A    84    .endif
                           A    85    
                           A    86    .ifdef ZSL_DEVICE_UART0
                           A    87    	XREF _g_clock0
                           A    88    
000035 22 00 00 00         A    89    	ld (_g_clock0), hl
000039 32 03 00 00         A    90    	ld (_g_clock0 + 3), a
                           A    91    .endif
                           A    92    .ifdef ZSL_DEVICE_UART1
                           A    93    	XREF _g_clock1
                           A    94    
                           A    95    	ld (_g_clock1), hl
                           A    96    	ld (_g_clock1 + 3), a
                           A    97    .endif
00003D                     A    98    _skip:
                           A    99    
                           A   100    
                           A   101    .ifdef ZSL_DEVINIT
                           A   102    	XREF _init_default_vectors
                           A   103    
00003D CD 00 00 00         A   104    	call _init_default_vectors					
                           A   105    .endif
                           A   106    
                           A   107    
                           A   108    .ifdef ZSL_DEVICE_UART0
                           A   109    	XREF _open_UART0
                           A   110    	XREF _isr_uart0
                           A   111    
                           A   112    .ifdef ZSL_DEVINIT
                           A   113    	XREF _set_vector
000041 01 00 00 00         A   114    	ld bc, _isr_uart0							
000045 C5                  A   115    	push bc
000046 01180000            A   116    	ld bc, UART0_IVECT
00004A C5                  A   117    	push bc
00004B CD 00 00 00         A   118    	call _set_vector
00004F C1                  A   119    	pop bc
000050 C1                  A   120    	pop bc
                           A   121    .endif
                           A   122    
000051 01000000            A   123    	ld bc, 0
000055 C5                  A   124    	push bc										
Zilog eZ80 Macro Assembler Version 4.2 (11121401)04-Nov-15     00:11:29     page:   6


PC     Object              I  Line    Source Z:\zik80\zz-sbc-r3-ez80-firmware\zsldevinit.asm
000056 CD 00 00 00         A   125    	call _open_UART0							
00005A C1                  A   126    	pop bc
                           A   127    endif
                           A   128    
                           A   129    
                           A   130    
                           A   131    .ifdef ZSL_DEVICE_UART1
                           A   132    	XREF _open_UART1
                           A   133    	XREF _isr_uart1
                           A   134    
                           A   135    .ifdef ZSL_DEVINIT
                           A   136    	XREF _set_vector
                           A   137    	ld bc, _isr_uart1							
                           A   138    	push bc
                           A   139    	ld bc, UART1_IVECT
                           A   140    	push bc
                           A   141    	call _set_vector
                           A   142    	pop bc
                           A   143    	pop bc
                           A   144    .endif
                           A   145    
                           A   146    	ld bc, 0
                           A   147    	push bc										
                           A   148    	call _open_UART1							
                           A   149    	pop bc
                           A   150    endif
                           A   151    
                           A   152    
00005B C9                  A   153    	ret
                           A   154    
                           A   155    
                           A   156    	XDEF _close_periphdevice
                           A   157    	XDEF __close_periphdevice
                           A   158    
00005C                     A   159    _close_periphdevice:
00005C                     A   160    __close_periphdevice:
                           A   161    
                           A   162    
                           A   163    
                           A   164    .ifdef ZSL_DEVICE_PORTA
                           A   165    	XREF _close_PortA
                           A   166    
                           A   167        call _close_PortA							
                           A   168    endif
                           A   169    
                           A   170    .ifdef ZSL_DEVICE_PORTB
                           A   171    	XREF _close_PortB
                           A   172    
00005C CD 00 00 00         A   173        call _close_PortB							
                           A   174    endif
                           A   175    
                           A   176    .ifdef ZSL_DEVICE_PORTC
Zilog eZ80 Macro Assembler Version 4.2 (11121401)04-Nov-15     00:11:29     page:   7


PC     Object              I  Line    Source Z:\zik80\zz-sbc-r3-ez80-firmware\zsldevinit.asm
                           A   177    	XREF _close_PortC
                           A   178    
000060 CD 00 00 00         A   179    	call _close_PortC							
                           A   180    endif
                           A   181    
                           A   182    .ifdef ZSL_DEVICE_PORTD
                           A   183    	XREF _close_PortD
                           A   184    
000064 CD 00 00 00         A   185        call _close_PortD							
                           A   186    endif
                           A   187    
                           A   188    .ifdef ZSL_DEVICE_UART0
                           A   189    	XREF _close_UART0
                           A   190    
000068 CD 00 00 00         A   191    	call _close_UART0							
                           A   192    endif
                           A   193    
                           A   194    .ifdef ZSL_DEVICE_UART1
                           A   195    	XREF _close_UART1
                           A   196    
                           A   197    	call _close_UART1							
                           A   198    endif
                           A   199    
00006C C9                  A   200    	ret
                           A   201    
                           A   202    ;----------------------------------------------
                           A   203    	segment data
       00000040            A   204    BUFF_SIZE .equ 64								
                           A   205    
                           A   206    .ifdef ZSL_UART_USED
                           A   207    	XDEF _g_fifosize
                           A   208    
000000                     A   209    _g_fifosize:
000000 400000              A   210    	.trio BUFF_SIZE								
                           A   211    .endif
                           A   212    
                           A   213    	segment bss
                           A   214    .ifdef ZSL_DEVICE_UART0
                           A   215    	XDEF _g_RxBuffer_UART0
                           A   216    	XDEF _g_TxBuffer_UART0
                           A   217    
000000                     A   218    _g_RxBuffer_UART0:
000000                     A   219    	ds BUFF_SIZE								
                           A   220    
000040                     A   221    _g_TxBuffer_UART0:
000040                     A   222    	ds BUFF_SIZE								
                           A   223    
                           A   224    .endif
                           A   225    	
                           A   226    .ifdef ZSL_DEVICE_UART1
                           A   227    	XDEF _g_RxBuffer_UART1
                           A   228    	XDEF _g_TxBuffer_UART1
Zilog eZ80 Macro Assembler Version 4.2 (11121401)04-Nov-15     00:11:29     page:   8


PC     Object              I  Line    Source Z:\zik80\zz-sbc-r3-ez80-firmware\zsldevinit.asm
                           A   229    
                           A   230    _g_RxBuffer_UART1:
                           A   231    	ds BUFF_SIZE								
                           A   232    
                           A   233    _g_TxBuffer_UART1:
                           A   234    	ds BUFF_SIZE								
                           A   235    .endif


Errors: 0
Warnings: 0
Lines Assembled: 372
